BakingApp/app/build/intermediates/manifest_merge_blame_file/debug/manifest-merger-blame-debug-report.txt
1<?xml version="1.0" encoding="utf-8"?>
2<manifest xmlns:android="http://schemas.android.com/apk/res/android"
3    package="com.example.bakingapp"
4    android:versionCode="1"
5    android:versionName="1.0" >
6
7    <uses-sdk
8        android:minSdkVersion="15"
8-->src\main\AndroidManifest.xml
9        android:targetSdkVersion="28" />
9-->src\main\AndroidManifest.xml
10
11    <uses-permission android:name="android.permission.ACCESS_NETWORK_STATE" />
11-->src\main\AndroidManifest.xml:5:5-79
11-->src\main\AndroidManifest.xml:5:22-76
12    <uses-permission android:name="android.permission.INTERNET" />
12-->src\main\AndroidManifest.xml:6:5-67
12-->src\main\AndroidManifest.xml:6:22-64
13
14    <application
14-->src\main\AndroidManifest.xml:8:5-34:19
15        android:allowBackup="true"
15-->src\main\AndroidManifest.xml:9:9-35
16        android:appComponentFactory="androidx.core.app.CoreComponentFactory"
16-->[androidx.core:core:1.1.0] AndroidManifest.xml:24:18-86
17        android:debuggable="true"
18        android:icon="@mipmap/ic_launcher"
18-->src\main\AndroidManifest.xml:10:9-43
19        android:label="@string/app_name"
19-->src\main\AndroidManifest.xml:11:9-41
20        android:roundIcon="@mipmap/ic_launcher_round"
20-->src\main\AndroidManifest.xml:12:9-54
21        android:supportsRtl="true"
21-->src\main\AndroidManifest.xml:13:9-35
22        android:theme="@style/AppTheme" >
22-->src\main\AndroidManifest.xml:14:9-40
23        <receiver android:name="com.example.bakingapp.RecipeWidgetProvider" >
23-->src\main\AndroidManifest.xml:15:9-23:20
23-->src\main\AndroidManifest.xml:15:19-55
24            <intent-filter>
24-->src\main\AndroidManifest.xml:16:13-18:29
25                <action android:name="android.appwidget.action.APPWIDGET_UPDATE" />
25-->src\main\AndroidManifest.xml:17:17-84
25-->src\main\AndroidManifest.xml:17:25-81
26            </intent-filter>
27
28            <meta-data
28-->src\main\AndroidManifest.xml:20:13-22:71
29                android:name="android.appwidget.provider"
29-->src\main\AndroidManifest.xml:21:17-58
30                android:resource="@xml/recipe_widget_provider_info" />
30-->src\main\AndroidManifest.xml:22:17-68
31        </receiver>
32
33        <activity android:name="com.example.bakingapp.MainActivity" >
33-->src\main\AndroidManifest.xml:25:9-31:20
33-->src\main\AndroidManifest.xml:25:19-47
34            <intent-filter>
34-->src\main\AndroidManifest.xml:26:13-30:29
35                <action android:name="android.intent.action.MAIN" />
35-->src\main\AndroidManifest.xml:27:17-69
35-->src\main\AndroidManifest.xml:27:25-66
36
37                <category android:name="android.intent.category.LAUNCHER" />
37-->src\main\AndroidManifest.xml:29:17-77
37-->src\main\AndroidManifest.xml:29:27-74
38            </intent-filter>
39        </activity>
40        <activity android:name="com.example.bakingapp.DetailActivity" />
40-->src\main\AndroidManifest.xml:32:9-52
40-->src\main\AndroidManifest.xml:32:19-49
41        <activity android:name="com.example.bakingapp.StepDetailActivity" />
41-->src\main\AndroidManifest.xml:33:9-56
41-->src\main\AndroidManifest.xml:33:19-53
42    </application>
43
44</manifest>